<?xml version="1.0" encoding="UTF-8"?>
<!-- Generated by org.testng.reporters.JUnitReportReporter -->
<testsuite hostname="LAPTOP-1BON3M7N" failures="0" tests="1" name="com.sbibanking.testCases.TC_LoginTest_001" time="1.696" errors="0" timestamp="2024-10-05T17:28:32 IST" skipped="0">
  <testcase classname="com.sbibanking.testCases.TC_LoginTest_001" name="loginTest" time="1.696"/>
</testsuite> <!-- com.sbibanking.testCases.TC_LoginTest_001 -->
