<?xml version="1.0" encoding="UTF-8"?>
<!-- Generated by org.testng.reporters.JUnitReportReporter -->
<testsuite hostname="LAPTOP-1BON3M7N" failures="0" tests="1" name="com.sbibanking.testCases.TC_AddCustomerTest_003" time="15.401" errors="0" timestamp="2024-10-08T18:24:51 IST" skipped="0">
  <testcase classname="com.sbibanking.testCases.TC_AddCustomerTest_003" name="addNewCustomer" time="15.401"/>
</testsuite> <!-- com.sbibanking.testCases.TC_AddCustomerTest_003 -->
